d:\vs studio\project student\project student\x64\debug\vc143.pdb
d:\vs studio\project student\project student\x64\debug\vc143.idb
d:\vs studio\project student\project student\x64\debug\user.obj
d:\vs studio\project student\project student\x64\debug\time.obj
d:\vs studio\project student\project student\x64\debug\teacher.obj
d:\vs studio\project student\project student\x64\debug\system.obj
d:\vs studio\project student\project student\x64\debug\student.obj
d:\vs studio\project student\project student\x64\debug\manager.obj
d:\vs studio\project student\project student\x64\debug\main.obj
d:\vs studio\project student\project student\x64\debug\headteacher.obj
d:\vs studio\project student\project student\x64\debug\headdept.obj
d:\vs studio\project student\project student\x64\debug\data.obj
d:\vs studio\project student\project student\x64\debug\course.obj
d:\vs studio\project student\project student\x64\debug\sqlite3.obj
d:\vs studio\project student\x64\debug\project student.exe
d:\vs studio\project student\x64\debug\project student.pdb
d:\vs studio\project student\project student\x64\debug\project student.ilk
d:\vs studio\project student\project student\x64\debug\project student.tlog\cl.command.1.tlog
d:\vs studio\project student\project student\x64\debug\project student.tlog\cl.items.tlog
d:\vs studio\project student\project student\x64\debug\project student.tlog\cl.read.1.tlog
d:\vs studio\project student\project student\x64\debug\project student.tlog\cl.write.1.tlog
d:\vs studio\project student\project student\x64\debug\project student.tlog\link.command.1.tlog
d:\vs studio\project student\project student\x64\debug\project student.tlog\link.read.1.tlog
d:\vs studio\project student\project student\x64\debug\project student.tlog\link.secondary.1.tlog
d:\vs studio\project student\project student\x64\debug\project student.tlog\link.write.1.tlog
