  System.cpp
D:\vs studio\Project Student\Project Student\System.cpp(23,18): warning C4566: character represented by universal-character-name '\u274C' cannot be represented in the current code page (1252)
D:\vs studio\Project Student\Project Student\System.cpp(23,18): warning C4566: character represented by universal-character-name '\u5EFA' cannot be represented in the current code page (1252)
D:\vs studio\Project Student\Project Student\System.cpp(23,18): warning C4566: character represented by universal-character-name '\u8868' cannot be represented in the current code page (1252)
D:\vs studio\Project Student\Project Student\System.cpp(23,18): warning C4566: character represented by universal-character-name '\u5931' cannot be represented in the current code page (1252)
D:\vs studio\Project Student\Project Student\System.cpp(23,18): warning C4566: character represented by universal-character-name '\u8D25' cannot be represented in the current code page (1252)
D:\vs studio\Project Student\Project Student\System.cpp(34,18): warning C4566: character represented by universal-character-name '\u274C' cannot be represented in the current code page (1252)
D:\vs studio\Project Student\Project Student\System.cpp(34,18): warning C4566: character represented by universal-character-name '\u5EFA' cannot be represented in the current code page (1252)
D:\vs studio\Project Student\Project Student\System.cpp(34,18): warning C4566: character represented by universal-character-name '\u8868' cannot be represented in the current code page (1252)
D:\vs studio\Project Student\Project Student\System.cpp(34,18): warning C4566: character represented by universal-character-name '\u5931' cannot be represented in the current code page (1252)
D:\vs studio\Project Student\Project Student\System.cpp(34,18): warning C4566: character represented by universal-character-name '\u8D25' cannot be represented in the current code page (1252)
D:\vs studio\Project Student\Project Student\System.cpp(46,18): warning C4566: character represented by universal-character-name '\u274C' cannot be represented in the current code page (1252)
D:\vs studio\Project Student\Project Student\System.cpp(46,18): warning C4566: character represented by universal-character-name '\u5EFA' cannot be represented in the current code page (1252)
D:\vs studio\Project Student\Project Student\System.cpp(46,18): warning C4566: character represented by universal-character-name '\u8868' cannot be represented in the current code page (1252)
D:\vs studio\Project Student\Project Student\System.cpp(46,18): warning C4566: character represented by universal-character-name '\u5931' cannot be represented in the current code page (1252)
D:\vs studio\Project Student\Project Student\System.cpp(46,18): warning C4566: character represented by universal-character-name '\u8D25' cannot be represented in the current code page (1252)
D:\vs studio\Project Student\Project Student\System.cpp(58,18): warning C4566: character represented by universal-character-name '\u274C' cannot be represented in the current code page (1252)
D:\vs studio\Project Student\Project Student\System.cpp(58,18): warning C4566: character represented by universal-character-name '\u5EFA' cannot be represented in the current code page (1252)
D:\vs studio\Project Student\Project Student\System.cpp(58,18): warning C4566: character represented by universal-character-name '\u8868' cannot be represented in the current code page (1252)
D:\vs studio\Project Student\Project Student\System.cpp(58,18): warning C4566: character represented by universal-character-name '\u5931' cannot be represented in the current code page (1252)
D:\vs studio\Project Student\Project Student\System.cpp(58,18): warning C4566: character represented by universal-character-name '\u8D25' cannot be represented in the current code page (1252)
D:\vs studio\Project Student\Project Student\System.cpp(69,18): warning C4566: character represented by universal-character-name '\u274C' cannot be represented in the current code page (1252)
D:\vs studio\Project Student\Project Student\System.cpp(69,18): warning C4566: character represented by universal-character-name '\u5EFA' cannot be represented in the current code page (1252)
D:\vs studio\Project Student\Project Student\System.cpp(69,18): warning C4566: character represented by universal-character-name '\u8868' cannot be represented in the current code page (1252)
D:\vs studio\Project Student\Project Student\System.cpp(69,18): warning C4566: character represented by universal-character-name '\u5931' cannot be represented in the current code page (1252)
D:\vs studio\Project Student\Project Student\System.cpp(69,18): warning C4566: character represented by universal-character-name '\u8D25' cannot be represented in the current code page (1252)
D:\vs studio\Project Student\Project Student\System.cpp(83,18): warning C4566: character represented by universal-character-name '\u274C' cannot be represented in the current code page (1252)
D:\vs studio\Project Student\Project Student\System.cpp(83,18): warning C4566: character represented by universal-character-name '\u5EFA' cannot be represented in the current code page (1252)
D:\vs studio\Project Student\Project Student\System.cpp(83,18): warning C4566: character represented by universal-character-name '\u8868' cannot be represented in the current code page (1252)
D:\vs studio\Project Student\Project Student\System.cpp(83,18): warning C4566: character represented by universal-character-name '\u5931' cannot be represented in the current code page (1252)
D:\vs studio\Project Student\Project Student\System.cpp(83,18): warning C4566: character represented by universal-character-name '\u8D25' cannot be represented in the current code page (1252)
D:\vs studio\Project Student\Project Student\System.cpp(96,18): warning C4566: character represented by universal-character-name '\u274C' cannot be represented in the current code page (1252)
D:\vs studio\Project Student\Project Student\System.cpp(96,18): warning C4566: character represented by universal-character-name '\u5EFA' cannot be represented in the current code page (1252)
D:\vs studio\Project Student\Project Student\System.cpp(96,18): warning C4566: character represented by universal-character-name '\u8868' cannot be represented in the current code page (1252)
D:\vs studio\Project Student\Project Student\System.cpp(96,18): warning C4566: character represented by universal-character-name '\u5931' cannot be represented in the current code page (1252)
D:\vs studio\Project Student\Project Student\System.cpp(96,18): warning C4566: character represented by universal-character-name '\u8D25' cannot be represented in the current code page (1252)
D:\vs studio\Project Student\Project Student\System.cpp(349,18): warning C4566: character represented by universal-character-name '\u63D2' cannot be represented in the current code page (1252)
D:\vs studio\Project Student\Project Student\System.cpp(349,18): warning C4566: character represented by universal-character-name '\u5165' cannot be represented in the current code page (1252)
D:\vs studio\Project Student\Project Student\System.cpp(349,18): warning C4566: character represented by universal-character-name '\u5931' cannot be represented in the current code page (1252)
D:\vs studio\Project Student\Project Student\System.cpp(349,18): warning C4566: character represented by universal-character-name '\u8D25' cannot be represented in the current code page (1252)
D:\vs studio\Project Student\Project Student\System.cpp(359,18): warning C4566: character represented by universal-character-name '\u65E0' cannot be represented in the current code page (1252)
D:\vs studio\Project Student\Project Student\System.cpp(359,18): warning C4566: character represented by universal-character-name '\u6CD5' cannot be represented in the current code page (1252)
D:\vs studio\Project Student\Project Student\System.cpp(359,18): warning C4566: character represented by universal-character-name '\u6253' cannot be represented in the current code page (1252)
D:\vs studio\Project Student\Project Student\System.cpp(359,18): warning C4566: character represented by universal-character-name '\u5F00' cannot be represented in the current code page (1252)
D:\vs studio\Project Student\Project Student\System.cpp(359,18): warning C4566: character represented by universal-character-name '\u6559' cannot be represented in the current code page (1252)
D:\vs studio\Project Student\Project Student\System.cpp(359,18): warning C4566: character represented by universal-character-name '\u5E08' cannot be represented in the current code page (1252)
D:\vs studio\Project Student\Project Student\System.cpp(359,18): warning C4566: character represented by universal-character-name '\u6587' cannot be represented in the current code page (1252)
D:\vs studio\Project Student\Project Student\System.cpp(359,18): warning C4566: character represented by universal-character-name '\u4EF6' cannot be represented in the current code page (1252)
D:\vs studio\Project Student\Project Student\System.cpp(374,18): warning C4566: character represented by universal-character-name '\u63D2' cannot be represented in the current code page (1252)
D:\vs studio\Project Student\Project Student\System.cpp(374,18): warning C4566: character represented by universal-character-name '\u5165' cannot be represented in the current code page (1252)
D:\vs studio\Project Student\Project Student\System.cpp(374,18): warning C4566: character represented by universal-character-name '\u6559' cannot be represented in the current code page (1252)
D:\vs studio\Project Student\Project Student\System.cpp(374,18): warning C4566: character represented by universal-character-name '\u5E08' cannot be represented in the current code page (1252)
D:\vs studio\Project Student\Project Student\System.cpp(374,18): warning C4566: character represented by universal-character-name '\u5931' cannot be represented in the current code page (1252)
D:\vs studio\Project Student\Project Student\System.cpp(374,18): warning C4566: character represented by universal-character-name '\u8D25' cannot be represented in the current code page (1252)
D:\vs studio\Project Student\Project Student\System.cpp(385,18): warning C4566: character represented by universal-character-name '\u65E0' cannot be represented in the current code page (1252)
D:\vs studio\Project Student\Project Student\System.cpp(385,18): warning C4566: character represented by universal-character-name '\u6CD5' cannot be represented in the current code page (1252)
D:\vs studio\Project Student\Project Student\System.cpp(385,18): warning C4566: character represented by universal-character-name '\u6253' cannot be represented in the current code page (1252)
D:\vs studio\Project Student\Project Student\System.cpp(385,18): warning C4566: character represented by universal-character-name '\u5F00' cannot be represented in the current code page (1252)
D:\vs studio\Project Student\Project Student\System.cpp(385,18): warning C4566: character represented by universal-character-name '\u73ED' cannot be represented in the current code page (1252)
D:\vs studio\Project Student\Project Student\System.cpp(385,18): warning C4566: character represented by universal-character-name '\u4E3B' cannot be represented in the current code page (1252)
D:\vs studio\Project Student\Project Student\System.cpp(385,18): warning C4566: character represented by universal-character-name '\u4EFB' cannot be represented in the current code page (1252)
D:\vs studio\Project Student\Project Student\System.cpp(385,18): warning C4566: character represented by universal-character-name '\u6587' cannot be represented in the current code page (1252)
D:\vs studio\Project Student\Project Student\System.cpp(385,18): warning C4566: character represented by universal-character-name '\u4EF6' cannot be represented in the current code page (1252)
D:\vs studio\Project Student\Project Student\System.cpp(401,18): warning C4566: character represented by universal-character-name '\u63D2' cannot be represented in the current code page (1252)
D:\vs studio\Project Student\Project Student\System.cpp(401,18): warning C4566: character represented by universal-character-name '\u5165' cannot be represented in the current code page (1252)
D:\vs studio\Project Student\Project Student\System.cpp(401,18): warning C4566: character represented by universal-character-name '\u73ED' cannot be represented in the current code page (1252)
D:\vs studio\Project Student\Project Student\System.cpp(401,18): warning C4566: character represented by universal-character-name '\u4E3B' cannot be represented in the current code page (1252)
D:\vs studio\Project Student\Project Student\System.cpp(401,18): warning C4566: character represented by universal-character-name '\u4EFB' cannot be represented in the current code page (1252)
D:\vs studio\Project Student\Project Student\System.cpp(401,18): warning C4566: character represented by universal-character-name '\u5931' cannot be represented in the current code page (1252)
D:\vs studio\Project Student\Project Student\System.cpp(401,18): warning C4566: character represented by universal-character-name '\u8D25' cannot be represented in the current code page (1252)
D:\vs studio\Project Student\Project Student\System.cpp(412,18): warning C4566: character represented by universal-character-name '\u65E0' cannot be represented in the current code page (1252)
D:\vs studio\Project Student\Project Student\System.cpp(412,18): warning C4566: character represented by universal-character-name '\u6CD5' cannot be represented in the current code page (1252)
D:\vs studio\Project Student\Project Student\System.cpp(412,18): warning C4566: character represented by universal-character-name '\u6253' cannot be represented in the current code page (1252)
D:\vs studio\Project Student\Project Student\System.cpp(412,18): warning C4566: character represented by universal-character-name '\u5F00' cannot be represented in the current code page (1252)
D:\vs studio\Project Student\Project Student\System.cpp(412,18): warning C4566: character represented by universal-character-name '\u7CFB' cannot be represented in the current code page (1252)
D:\vs studio\Project Student\Project Student\System.cpp(412,18): warning C4566: character represented by universal-character-name '\u4E3B' cannot be represented in the current code page (1252)
D:\vs studio\Project Student\Project Student\System.cpp(412,18): warning C4566: character represented by universal-character-name '\u4EFB' cannot be represented in the current code page (1252)
D:\vs studio\Project Student\Project Student\System.cpp(412,18): warning C4566: character represented by universal-character-name '\u6587' cannot be represented in the current code page (1252)
D:\vs studio\Project Student\Project Student\System.cpp(412,18): warning C4566: character represented by universal-character-name '\u4EF6' cannot be represented in the current code page (1252)
D:\vs studio\Project Student\Project Student\System.cpp(428,18): warning C4566: character represented by universal-character-name '\u63D2' cannot be represented in the current code page (1252)
D:\vs studio\Project Student\Project Student\System.cpp(428,18): warning C4566: character represented by universal-character-name '\u5165' cannot be represented in the current code page (1252)
D:\vs studio\Project Student\Project Student\System.cpp(428,18): warning C4566: character represented by universal-character-name '\u7CFB' cannot be represented in the current code page (1252)
D:\vs studio\Project Student\Project Student\System.cpp(428,18): warning C4566: character represented by universal-character-name '\u4E3B' cannot be represented in the current code page (1252)
D:\vs studio\Project Student\Project Student\System.cpp(428,18): warning C4566: character represented by universal-character-name '\u4EFB' cannot be represented in the current code page (1252)
D:\vs studio\Project Student\Project Student\System.cpp(428,18): warning C4566: character represented by universal-character-name '\u5931' cannot be represented in the current code page (1252)
D:\vs studio\Project Student\Project Student\System.cpp(428,18): warning C4566: character represented by universal-character-name '\u8D25' cannot be represented in the current code page (1252)
D:\vs studio\Project Student\Project Student\System.cpp(439,18): warning C4566: character represented by universal-character-name '\u65E0' cannot be represented in the current code page (1252)
D:\vs studio\Project Student\Project Student\System.cpp(439,18): warning C4566: character represented by universal-character-name '\u6CD5' cannot be represented in the current code page (1252)
D:\vs studio\Project Student\Project Student\System.cpp(439,18): warning C4566: character represented by universal-character-name '\u6253' cannot be represented in the current code page (1252)
D:\vs studio\Project Student\Project Student\System.cpp(439,18): warning C4566: character represented by universal-character-name '\u5F00' cannot be represented in the current code page (1252)
D:\vs studio\Project Student\Project Student\System.cpp(439,18): warning C4566: character represented by universal-character-name '\u7BA1' cannot be represented in the current code page (1252)
D:\vs studio\Project Student\Project Student\System.cpp(439,18): warning C4566: character represented by universal-character-name '\u7406' cannot be represented in the current code page (1252)
D:\vs studio\Project Student\Project Student\System.cpp(439,18): warning C4566: character represented by universal-character-name '\u5458' cannot be represented in the current code page (1252)
D:\vs studio\Project Student\Project Student\System.cpp(439,18): warning C4566: character represented by universal-character-name '\u6587' cannot be represented in the current code page (1252)
D:\vs studio\Project Student\Project Student\System.cpp(439,18): warning C4566: character represented by universal-character-name '\u4EF6' cannot be represented in the current code page (1252)
D:\vs studio\Project Student\Project Student\System.cpp(454,18): warning C4566: character represented by universal-character-name '\u63D2' cannot be represented in the current code page (1252)
D:\vs studio\Project Student\Project Student\System.cpp(454,18): warning C4566: character represented by universal-character-name '\u5165' cannot be represented in the current code page (1252)
D:\vs studio\Project Student\Project Student\System.cpp(454,18): warning C4566: character represented by universal-character-name '\u7BA1' cannot be represented in the current code page (1252)
D:\vs studio\Project Student\Project Student\System.cpp(454,18): warning C4566: character represented by universal-character-name '\u7406' cannot be represented in the current code page (1252)
D:\vs studio\Project Student\Project Student\System.cpp(454,18): warning C4566: character represented by universal-character-name '\u5458' cannot be represented in the current code page (1252)
D:\vs studio\Project Student\Project Student\System.cpp(454,18): warning C4566: character represented by universal-character-name '\u5931' cannot be represented in the current code page (1252)
D:\vs studio\Project Student\Project Student\System.cpp(454,18): warning C4566: character represented by universal-character-name '\u8D25' cannot be represented in the current code page (1252)
D:\vs studio\Project Student\Project Student\System.cpp(465,18): warning C4566: character represented by universal-character-name '\u65E0' cannot be represented in the current code page (1252)
D:\vs studio\Project Student\Project Student\System.cpp(465,18): warning C4566: character represented by universal-character-name '\u6CD5' cannot be represented in the current code page (1252)
D:\vs studio\Project Student\Project Student\System.cpp(465,18): warning C4566: character represented by universal-character-name '\u6253' cannot be represented in the current code page (1252)
D:\vs studio\Project Student\Project Student\System.cpp(465,18): warning C4566: character represented by universal-character-name '\u5F00' cannot be represented in the current code page (1252)
D:\vs studio\Project Student\Project Student\System.cpp(465,18): warning C4566: character represented by universal-character-name '\u8BFE' cannot be represented in the current code page (1252)
D:\vs studio\Project Student\Project Student\System.cpp(465,18): warning C4566: character represented by universal-character-name '\u7A0B' cannot be represented in the current code page (1252)
D:\vs studio\Project Student\Project Student\System.cpp(465,18): warning C4566: character represented by universal-character-name '\u6587' cannot be represented in the current code page (1252)
D:\vs studio\Project Student\Project Student\System.cpp(465,18): warning C4566: character represented by universal-character-name '\u4EF6' cannot be represented in the current code page (1252)
D:\vs studio\Project Student\Project Student\System.cpp(606,15): warning C4267: 'initializing': conversion from 'size_t' to 'int', possible loss of data
  Project Student.vcxproj -> D:\vs studio\Project Student\x64\Debug\Project Student.exe
